<?xml version="1.0" encoding="UTF-8"?>
<testsuite xmlns:xsi="http://www.w3.org/2001/XMLSchema-instance" xsi:noNamespaceSchemaLocation="https://maven.apache.org/surefire/maven-surefire-plugin/xsd/surefire-test-report.xsd" name="com.imos.sample.basic.test.SampleBasicTest" time="1.829" tests="1" errors="0" skipped="0" failures="0">
  <properties>
    <property name="sun.desktop" value="gnome"/>
    <property name="awt.toolkit" value="sun.awt.X11.XToolkit"/>
    <property name="java.specification.version" value="10"/>
    <property name="file.encoding.pkg" value="sun.io"/>
    <property name="sun.cpu.isalist" value=""/>
    <property name="sun.jnu.encoding" value="UTF-8"/>
    <property name="java.class.path" value="/home/pintu/Tools/Netbeans8.2Workspace/HibernateStudyJava10/HibernateBasic/target/test-classes:/home/pintu/Tools/Netbeans8.2Workspace/HibernateStudyJava10/HibernateBasic/target/classes:/home/pintu/Tools/Netbeans8.2Workspace/HibernateStudyJava10/HibernateBase/target/HibernateBase-1.0-SNAPSHOT.jar:/home/pintu/Tools/MavenRepo/org/projectlombok/lombok/1.18.0/lombok-1.18.0.jar:/home/pintu/Tools/MavenRepo/org/hibernate/hibernate-core/5.3.1.Final/hibernate-core-5.3.1.Final.jar:/home/pintu/Tools/MavenRepo/org/jboss/logging/jboss-logging/3.3.2.Final/jboss-logging-3.3.2.Final.jar:/home/pintu/Tools/MavenRepo/javax/persistence/javax.persistence-api/2.2/javax.persistence-api-2.2.jar:/home/pintu/Tools/MavenRepo/org/javassist/javassist/3.22.0-GA/javassist-3.22.0-GA.jar:/home/pintu/Tools/MavenRepo/net/bytebuddy/byte-buddy/1.8.12/byte-buddy-1.8.12.jar:/home/pintu/Tools/MavenRepo/antlr/antlr/2.7.7/antlr-2.7.7.jar:/home/pintu/Tools/MavenRepo/org/jboss/spec/javax/transaction/jboss-transaction-api_1.2_spec/1.1.1.Final/jboss-transaction-api_1.2_spec-1.1.1.Final.jar:/home/pintu/Tools/MavenRepo/org/jboss/jandex/2.0.3.Final/jandex-2.0.3.Final.jar:/home/pintu/Tools/MavenRepo/com/fasterxml/classmate/1.3.4/classmate-1.3.4.jar:/home/pintu/Tools/MavenRepo/dom4j/dom4j/1.6.1/dom4j-1.6.1.jar:/home/pintu/Tools/MavenRepo/org/hibernate/common/hibernate-commons-annotations/5.0.3.Final/hibernate-commons-annotations-5.0.3.Final.jar:/home/pintu/Tools/MavenRepo/mysql/mysql-connector-java/6.0.6/mysql-connector-java-6.0.6.jar:/home/pintu/Tools/MavenRepo/org/apache/logging/log4j/log4j-api/2.11.0/log4j-api-2.11.0.jar:/home/pintu/Tools/MavenRepo/org/apache/logging/log4j/log4j-core/2.11.0/log4j-core-2.11.0.jar:/home/pintu/Tools/MavenRepo/org/slf4j/slf4j-api/1.8.0-beta2/slf4j-api-1.8.0-beta2.jar:/home/pintu/Tools/MavenRepo/org/slf4j/slf4j-simple/1.8.0-beta2/slf4j-simple-1.8.0-beta2.jar:/home/pintu/Tools/MavenRepo/com/h2database/h2/1.4.197/h2-1.4.197.jar:/home/pintu/Tools/MavenRepo/org/junit/jupiter/junit-jupiter-api/5.2.0/junit-jupiter-api-5.2.0.jar:/home/pintu/Tools/MavenRepo/org/apiguardian/apiguardian-api/1.0.0/apiguardian-api-1.0.0.jar:/home/pintu/Tools/MavenRepo/org/opentest4j/opentest4j/1.1.0/opentest4j-1.1.0.jar:/home/pintu/Tools/MavenRepo/org/junit/platform/junit-platform-commons/1.2.0/junit-platform-commons-1.2.0.jar:"/>
    <property name="java.vm.vendor" value="&quot;Oracle Corporation&quot;"/>
    <property name="sun.arch.data.model" value="64"/>
    <property name="java.vendor.url" value="http://java.oracle.com/"/>
    <property name="user.timezone" value=""/>
    <property name="java.vm.specification.version" value="10"/>
    <property name="os.name" value="Linux"/>
    <property name="sun.java.launcher" value="SUN_STANDARD"/>
    <property name="user.country" value="IN"/>
    <property name="sun.boot.library.path" value="/home/pintu/Tools/Java/jdk-10.0.1/lib"/>
    <property name="sun.java.command" value="/home/pintu/Tools/Netbeans8.2Workspace/HibernateStudyJava10/HibernateBasic/target/surefire/surefirebooter12698104990681611583.jar /home/pintu/Tools/Netbeans8.2Workspace/HibernateStudyJava10/HibernateBasic/target/surefire 2018-06-18T20-50-33_098-jvmRun1 surefire3218653672032483500tmp surefire_011857148039311915726tmp"/>
    <property name="jdk.debug" value="release"/>
    <property name="surefire.test.class.path" value="/home/pintu/Tools/Netbeans8.2Workspace/HibernateStudyJava10/HibernateBasic/target/test-classes:/home/pintu/Tools/Netbeans8.2Workspace/HibernateStudyJava10/HibernateBasic/target/classes:/home/pintu/Tools/Netbeans8.2Workspace/HibernateStudyJava10/HibernateBase/target/HibernateBase-1.0-SNAPSHOT.jar:/home/pintu/Tools/MavenRepo/org/projectlombok/lombok/1.18.0/lombok-1.18.0.jar:/home/pintu/Tools/MavenRepo/org/hibernate/hibernate-core/5.3.1.Final/hibernate-core-5.3.1.Final.jar:/home/pintu/Tools/MavenRepo/org/jboss/logging/jboss-logging/3.3.2.Final/jboss-logging-3.3.2.Final.jar:/home/pintu/Tools/MavenRepo/javax/persistence/javax.persistence-api/2.2/javax.persistence-api-2.2.jar:/home/pintu/Tools/MavenRepo/org/javassist/javassist/3.22.0-GA/javassist-3.22.0-GA.jar:/home/pintu/Tools/MavenRepo/net/bytebuddy/byte-buddy/1.8.12/byte-buddy-1.8.12.jar:/home/pintu/Tools/MavenRepo/antlr/antlr/2.7.7/antlr-2.7.7.jar:/home/pintu/Tools/MavenRepo/org/jboss/spec/javax/transaction/jboss-transaction-api_1.2_spec/1.1.1.Final/jboss-transaction-api_1.2_spec-1.1.1.Final.jar:/home/pintu/Tools/MavenRepo/org/jboss/jandex/2.0.3.Final/jandex-2.0.3.Final.jar:/home/pintu/Tools/MavenRepo/com/fasterxml/classmate/1.3.4/classmate-1.3.4.jar:/home/pintu/Tools/MavenRepo/dom4j/dom4j/1.6.1/dom4j-1.6.1.jar:/home/pintu/Tools/MavenRepo/org/hibernate/common/hibernate-commons-annotations/5.0.3.Final/hibernate-commons-annotations-5.0.3.Final.jar:/home/pintu/Tools/MavenRepo/mysql/mysql-connector-java/6.0.6/mysql-connector-java-6.0.6.jar:/home/pintu/Tools/MavenRepo/org/apache/logging/log4j/log4j-api/2.11.0/log4j-api-2.11.0.jar:/home/pintu/Tools/MavenRepo/org/apache/logging/log4j/log4j-core/2.11.0/log4j-core-2.11.0.jar:/home/pintu/Tools/MavenRepo/org/slf4j/slf4j-api/1.8.0-beta2/slf4j-api-1.8.0-beta2.jar:/home/pintu/Tools/MavenRepo/org/slf4j/slf4j-simple/1.8.0-beta2/slf4j-simple-1.8.0-beta2.jar:/home/pintu/Tools/MavenRepo/com/h2database/h2/1.4.197/h2-1.4.197.jar:/home/pintu/Tools/MavenRepo/org/junit/jupiter/junit-jupiter-api/5.2.0/junit-jupiter-api-5.2.0.jar:/home/pintu/Tools/MavenRepo/org/apiguardian/apiguardian-api/1.0.0/apiguardian-api-1.0.0.jar:/home/pintu/Tools/MavenRepo/org/opentest4j/opentest4j/1.1.0/opentest4j-1.1.0.jar:/home/pintu/Tools/MavenRepo/org/junit/platform/junit-platform-commons/1.2.0/junit-platform-commons-1.2.0.jar:"/>
    <property name="sun.cpu.endian" value="little"/>
    <property name="user.home" value="/home/pintu"/>
    <property name="user.language" value="en"/>
    <property name="java.specification.vendor" value="Oracle Corporation"/>
    <property name="java.version.date" value="2018-04-17"/>
    <property name="java.home" value="/home/pintu/Tools/Java/jdk-10.0.1"/>
    <property name="file.separator" value="/"/>
    <property name="basedir" value="/home/pintu/Tools/Netbeans8.2Workspace/HibernateStudyJava10/HibernateBasic"/>
    <property name="java.vm.compressedOopsMode" value="Zero based"/>
    <property name="line.separator" value="&#10;"/>
    <property name="java.specification.name" value="Java Platform API Specification"/>
    <property name="java.vm.specification.vendor" value="Oracle Corporation"/>
    <property name="java.awt.graphicsenv" value="sun.awt.X11GraphicsEnvironment"/>
    <property name="surefire.real.class.path" value="/home/pintu/Tools/Netbeans8.2Workspace/HibernateStudyJava10/HibernateBasic/target/surefire/surefirebooter12698104990681611583.jar"/>
    <property name="sun.management.compiler" value="HotSpot 64-Bit Tiered Compilers"/>
    <property name="java.runtime.version" value="10.0.1+10"/>
    <property name="user.name" value="pintu"/>
    <property name="path.separator" value=":"/>
    <property name="os.version" value="4.15.0-23-generic"/>
    <property name="java.runtime.name" value="Java(TM) SE Runtime Environment"/>
    <property name="file.encoding" value="UTF-8"/>
    <property name="java.vm.name" value="Java HotSpot(TM) 64-Bit Server VM"/>
    <property name="java.vendor.version" value="18.3"/>
    <property name="localRepository" value="/home/pintu/Tools/MavenRepo"/>
    <property name="java.vendor.url.bug" value="http://bugreport.java.com/bugreport/"/>
    <property name="java.io.tmpdir" value="/tmp"/>
    <property name="java.version" value="10.0.1"/>
    <property name="user.dir" value="/home/pintu/Tools/Netbeans8.2Workspace/HibernateStudyJava10/HibernateBasic"/>
    <property name="os.arch" value="amd64"/>
    <property name="java.vm.specification.name" value="Java Virtual Machine Specification"/>
    <property name="java.awt.printerjob" value="sun.print.PSPrinterJob"/>
    <property name="sun.os.patch.level" value="unknown"/>
    <property name="java.library.path" value="/usr/java/packages/lib:/usr/lib64:/lib64:/lib:/usr/lib"/>
    <property name="java.vendor" value="Oracle Corporation"/>
    <property name="java.vm.info" value="mixed mode"/>
    <property name="java.vm.version" value="10.0.1+10"/>
    <property name="sun.io.unicode.encoding" value="UnicodeLittle"/>
    <property name="java.class.version" value="54.0"/>
  </properties>
  <testcase name="personAdd" classname="com.imos.sample.basic.test.SampleBasicTest" time="0.251"/>
</testsuite>